java.io.FileNotFoundException: /home/qiu/.matlab/R2014b/MATLAB_Editor_State.xml (Permission denied)
	at java.io.FileOutputStream.open(Native Method)
	at java.io.FileOutputStream.<init>(Unknown Source)
	at java.io.FileOutputStream.<init>(Unknown Source)
	at com.mathworks.mde.editor.EditorStateManagerImpl.persistToXML(EditorStateManagerImpl.java:298)
	at com.mathworks.mde.editor.EditorStateManagerImpl.saveState(EditorStateManagerImpl.java:231)
	at com.mathworks.mde.editor.EditorView.saveAndCleanupEditorState(EditorView.java:1174)
	at com.mathworks.mde.editor.EditorViewClient.dispose(EditorViewClient.java:283)
	at com.mathworks.mde.editor.EditorViewClient$11.clientClosed(EditorViewClient.java:853)
	at com.mathworks.widgets.desk.DTClient.close(DTClient.java:901)
	at com.mathworks.widgets.desk.DTOccupant$2.closeReply(DTOccupant.java:869)
	at com.mathworks.widgets.desk.DTOccupant.doPropertyChange(DTOccupant.java:1166)
	at com.mathworks.widgets.desk.DTClient.doPropertyChange(DTClient.java:1492)
	at com.mathworks.widgets.desk.DTClient.propertyChange(DTClient.java:1460)
	at com.mathworks.widgets.desk.DTPropertyBridge$WeakLink.propertyChange(DTPropertyBridge.java:148)
	at java.beans.PropertyChangeSupport.fire(Unknown Source)
	at java.beans.PropertyChangeSupport.firePropertyChange(Unknown Source)
	at java.beans.PropertyChangeSupport.firePropertyChange(Unknown Source)
	at java.awt.Component.firePropertyChange(Unknown Source)
	at javax.swing.JComponent.putClientProperty(Unknown Source)
	at com.mathworks.widgets.desk.DTClientBase.approveClose(DTClientBase.java:328)
	at com.mathworks.mde.editor.EditorViewClient.approveDesktopClose(EditorViewClient.java:464)
	at com.mathworks.mde.editor.EditorViewClient.tryClosing(EditorViewClient.java:433)
	at com.mathworks.mde.editor.EditorViewClient.access$1600(EditorViewClient.java:71)
	at com.mathworks.mde.editor.EditorViewClient$11.clientClosing(EditorViewClient.java:841)
	at com.mathworks.widgets.desk.DTClient.canClose(DTClient.java:840)
	at com.mathworks.widgets.desk.DTOccupant.canClose(DTOccupant.java:867)
	at com.mathworks.widgets.desk.DTClient.attemptClose(DTClient.java:914)
	at com.mathworks.widgets.desk.DTClient$ClientCloseAction.actionPerformed(DTClient.java:1692)
	at javax.swing.AbstractButton.fireActionPerformed(Unknown Source)
	at javax.swing.AbstractButton$Handler.actionPerformed(Unknown Source)
	at javax.swing.DefaultButtonModel.fireActionPerformed(Unknown Source)
	at javax.swing.DefaultButtonModel.setPressed(Unknown Source)
	at javax.swing.plaf.basic.BasicButtonListener.mouseReleased(Unknown Source)
	at java.awt.AWTEventMulticaster.mouseReleased(Unknown Source)
	at java.awt.AWTEventMulticaster.mouseReleased(Unknown Source)
	at java.awt.Component.processMouseEvent(Unknown Source)
	at javax.swing.JComponent.processMouseEvent(Unknown Source)
	at com.mathworks.mwswing.MJButton.processMouseEvent(MJButton.java:348)
	at java.awt.Component.processEvent(Unknown Source)
	at java.awt.Container.processEvent(Unknown Source)
	at java.awt.Component.dispatchEventImpl(Unknown Source)
	at java.awt.Container.dispatchEventImpl(Unknown Source)
	at java.awt.Component.dispatchEvent(Unknown Source)
	at java.awt.LightweightDispatcher.retargetMouseEvent(Unknown Source)
	at java.awt.LightweightDispatcher.processMouseEvent(Unknown Source)
	at java.awt.LightweightDispatcher.dispatchEvent(Unknown Source)
	at java.awt.Container.dispatchEventImpl(Unknown Source)
	at java.awt.Window.dispatchEventImpl(Unknown Source)
	at java.awt.Component.dispatchEvent(Unknown Source)
	at java.awt.EventQueue.dispatchEventImpl(Unknown Source)
	at java.awt.EventQueue.access$200(Unknown Source)
	at java.awt.EventQueue$3.run(Unknown Source)
	at java.awt.EventQueue$3.run(Unknown Source)
	at java.security.AccessController.doPrivileged(Native Method)
	at java.security.ProtectionDomain$1.doIntersectionPrivilege(Unknown Source)
	at java.security.ProtectionDomain$1.doIntersectionPrivilege(Unknown Source)
	at java.awt.EventQueue$4.run(Unknown Source)
	at java.awt.EventQueue$4.run(Unknown Source)
	at java.security.AccessController.doPrivileged(Native Method)
	at java.security.ProtectionDomain$1.doIntersectionPrivilege(Unknown Source)
	at java.awt.EventQueue.dispatchEvent(Unknown Source)
	at java.awt.EventDispatchThread.pumpOneEventForFilters(Unknown Source)
	at java.awt.EventDispatchThread.pumpEventsForFilter(Unknown Source)
	at java.awt.EventDispatchThread.pumpEventsForHierarchy(Unknown Source)
	at java.awt.EventDispatchThread.pumpEvents(Unknown Source)
	at java.awt.EventDispatchThread.pumpEvents(Unknown Source)
	at java.awt.EventDispatchThread.run(Unknown Source)
